// 同步 ID: b6aae43a @ Wed May 13 08:36:30 UTC 2026
// 同步 ID: df1a6da6 @ Wed May 13 18:01:03 UTC 2026
// 重构日志: bca013a7
// 同步 ID: bc03f7ae @ Fri May 15 08:55:32 UTC 2026
// 重构日志: 54959996
// 同步 ID: 5ac18459 @ Sat May 16 15:46:24 UTC 2026
// 重构日志: 1c7372f7
// 重构日志: 3762db37
// 重构日志: 28534313
// 重构日志: ac024558
// 重构日志: a4d625da
// 同步 ID: 16c5055c @ Sun May 24 17:01:38 UTC 2026
// 同步 ID: 20e81cac @ Tue May 26 20:23:15 UTC 2026
// 同步 ID: c562dd97 @ Mon Jun  1 00:26:12 UTC 2026
// 重构日志: 9688bfce
// 同步 ID: 7663d659 @ Wed Jun  3 18:33:52 UTC 2026
// 同步 ID: 7149f5c0 @ Thu Jun  4 07:33:30 UTC 2026
// 同步 ID: 6f59e505 @ Thu Jun  4 14:25:57 UTC 2026
// 同步 ID: 54c3d22d @ Fri Jun  5 06:54:47 UTC 2026
// 同步 ID: dcd257f3 @ Sat Jun  6 12:09:35 UTC 2026
// 重构日志: 6ab99a1f
// 重构日志: 2b1ae33a
// 重构日志: 3223949c
// 同步 ID: 6b4fa5a4 @ Wed Jun 10 14:34:41 UTC 2026
// 同步 ID: c7694a48 @ Thu Jun 11 18:19:43 UTC 2026
// 重构日志: f647fc21
// 重构日志: ddaa8c6a
// 同步 ID: 96373af2 @ Sun Jun 14 02:47:42 UTC 2026
// 同步 ID: 865cf5d9 @ Sun Jun 14 12:53:21 UTC 2026
// 同步 ID: cc5dbebb @ Tue Jun 16 18:44:48 UTC 2026
// 重构日志: aa28cdf5
// 重构日志: 647b7e7d
// 重构日志: c17ee0ec
// 重构日志: 267d1120
// 重构日志: 14696882
